[2013-5-8 15:07:44,671][Threadid:7] FileLogger: [Notice] enter main of CoolClient.
[2013-5-8 15:07:45,718][Threadid:7] FileLogger: [Warning] Cannot connect to tracker, address : 127.0.0.1, port : 9977.
[2013-5-8 15:07:45,734][Threadid:7] FileLogger: [Warning] Cannot connect tracker, ret : 30004, addr : 127.0.0.1, port : 9977.
[2013-5-8 15:07:45,750][Threadid:7] FileLogger: [Debug] LoginTracker returns 30004
[2013-5-8 15:07:45,781][Threadid:7] FileLogger: [Debug] ConnectResourceServer returns 0
[2013-5-8 15:07:45,796][Threadid:7] FileLogger: [Debug] run application with args count :0
[2013-5-8 15:07:45,812][Threadid:7] FileLogger: [Trace] Going to wait for the StopClient
[2013-5-8 15:16:54,015][Threadid:7] FileLogger: [Notice] enter main of CoolClient.
[2013-5-8 15:16:55,109][Threadid:7] FileLogger: [Warning] Cannot connect to tracker, address : 127.0.0.1, port : 9977.
[2013-5-8 15:16:55,140][Threadid:7] FileLogger: [Warning] Cannot connect tracker, ret : 30004, addr : 127.0.0.1, port : 9977.
[2013-5-8 15:16:55,171][Threadid:7] FileLogger: [Debug] LoginTracker returns 30004
[2013-5-8 15:16:55,203][Threadid:7] FileLogger: [Debug] ConnectResourceServer returns 0
[2013-5-8 15:16:55,218][Threadid:7] FileLogger: [Debug] run application with args count :0
[2013-5-8 15:16:55,234][Threadid:7] FileLogger: [Trace] Going to wait for the StopClient
[2013-5-8 15:16:55,750][Threadid:7] FileLogger: [Trace] Wake up by call StopClient
[2013-5-8 15:17:38,218][Threadid:7] FileLogger: [Notice] enter main of CoolClient.
[2013-5-8 15:17:40,078][Threadid:7] FileLogger: [Warning] Cannot connect to tracker, address : 127.0.0.1, port : 9977.
[2013-5-8 15:17:40,125][Threadid:7] FileLogger: [Warning] Cannot connect tracker, ret : 30004, addr : 127.0.0.1, port : 9977.
[2013-5-8 15:17:40,156][Threadid:7] FileLogger: [Debug] LoginTracker returns 30004
[2013-5-8 15:17:40,265][Threadid:7] FileLogger: [Debug] ConnectResourceServer returns 0
[2013-5-8 15:17:40,328][Threadid:7] FileLogger: [Debug] run application with args count :0
[2013-5-8 15:17:40,375][Threadid:7] FileLogger: [Trace] Going to wait for the StopClient
[2013-5-8 15:17:40,390][Threadid:7] FileLogger: [Trace] Wake up by call StopClient
[2013-5-8 15:48:04,218][Threadid:7] FileLogger: [Notice] enter main of CoolClient.
[2013-5-8 15:48:05,312][Threadid:7] FileLogger: [Warning] Cannot connect to tracker, address : 127.0.0.1, port : 9977.
[2013-5-8 15:48:05,328][Threadid:7] FileLogger: [Warning] Cannot connect tracker, ret : 30004, addr : 127.0.0.1, port : 9977.
[2013-5-8 15:48:05,343][Threadid:7] FileLogger: [Debug] LoginTracker returns 30004
[2013-5-8 15:48:05,359][Threadid:7] FileLogger: [Debug] ConnectResourceServer returns 0
[2013-5-8 15:48:05,390][Threadid:7] FileLogger: [Debug] run application with args count :0
[2013-5-8 15:48:05,406][Threadid:7] FileLogger: [Trace] Going to wait for the StopClient
[2013-5-8 15:48:09,890][Threadid:0] FileLogger: [Notice] ********************************************************************************
[2013-5-8 15:48:09,921][Threadid:0] FileLogger: [Notice] lua state index 0 is table
[2013-5-8 15:48:09,937][Threadid:0] FileLogger: [Notice] lua state index 1 is userdata
[2013-5-8 15:48:09,953][Threadid:0] FileLogger: [Notice] lua state index 2 is string
[2013-5-8 15:48:09,968][Threadid:0] FileLogger: [Notice] lua state index 3 is number
[2013-5-8 15:48:09,984][Threadid:0] FileLogger: [Notice] lua state index 4 is number
[2013-5-8 15:48:10,000][Threadid:0] FileLogger: [Notice] lua state index 5 is number
[2013-5-8 15:48:10,031][Threadid:0] FileLogger: [Notice] lua state index 6 is function
[2013-5-8 15:48:16,609][Threadid:7] FileLogger: [Trace] Wake up by call StopClient
[2013-5-8 16:14:31,640][Threadid:7] FileLogger: [Notice] enter main of CoolClient.
[2013-5-8 16:14:32,656][Threadid:7] FileLogger: [Warning] Cannot connect to tracker, address : 127.0.0.1, port : 9977.
[2013-5-8 16:14:32,671][Threadid:7] FileLogger: [Warning] Cannot connect tracker, ret : 30004, addr : 127.0.0.1, port : 9977.
[2013-5-8 16:14:32,718][Threadid:7] FileLogger: [Debug] LoginTracker returns 30004
[2013-5-8 16:14:32,734][Threadid:7] FileLogger: [Debug] ConnectResourceServer returns 0
[2013-5-8 16:14:32,765][Threadid:7] FileLogger: [Debug] run application with args count :0
[2013-5-8 16:14:32,781][Threadid:7] FileLogger: [Trace] Going to wait for the StopClient
[2013-5-8 16:14:36,984][Threadid:0] FileLogger: [Notice] ********************************************************************************
[2013-5-8 16:14:37,000][Threadid:0] FileLogger: [Notice] lua state index 0 is table
[2013-5-8 16:14:37,015][Threadid:0] FileLogger: [Notice] lua state index 1 is userdata
[2013-5-8 16:14:37,046][Threadid:0] FileLogger: [Notice] lua state index 2 is string
[2013-5-8 16:14:37,078][Threadid:0] FileLogger: [Notice] lua state index 3 is number
[2013-5-8 16:14:37,093][Threadid:0] FileLogger: [Notice] lua state index 4 is number
[2013-5-8 16:14:37,109][Threadid:0] FileLogger: [Notice] lua state index 5 is number
[2013-5-8 16:14:37,140][Threadid:0] FileLogger: [Notice] lua state index 6 is function
[2013-5-8 16:15:47,015][Threadid:7] FileLogger: [Trace] Wake up by call StopClient
